# JRE version: Java(TM) SE Runtime Environment (8.0_202-b08) (build 1.8.0_202-b08)
# Java VM: Java HotSpot(TM) 64-Bit Server VM (25.202-b08 mixed mode windows-amd64 compressed oops)
Heap:
 PSYoungGen      total 167936K, used 90173K [0x00000000e0000000, 0x00000000ee880000, 0x0000000100000000)
  eden space 135168K, 42% used [0x00000000e0000000,0x00000000e3811008,0x00000000e8400000)
  from space 32768K, 99% used [0x00000000e8400000,0x00000000ea3fe750,0x00000000ea400000)
  to   space 43520K, 0% used [0x00000000ebe00000,0x00000000ebe00000,0x00000000ee880000)
 ParOldGen       total 138240K, used 69082K [0x00000000a0000000, 0x00000000a8700000, 0x00000000e0000000)
  object space 138240K, 49% used [0x00000000a0000000,0x00000000a43768c8,0x00000000a8700000)
 Metaspace       used 71383K, capacity 77862K, committed 77952K, reserved 1116160K
  class space    used 10154K, capacity 11388K, committed 11392K, reserved 1048576K
GC Heap History (10 events):
Event: 24.026 GC heap before
{Heap before GC invocations=18 (full 3):
 PSYoungGen      total 130560K, used 16239K [0x00000000e0000000, 0x00000000eaa00000, 0x0000000100000000)
  eden space 113664K, 0% used [0x00000000e0000000,0x00000000e0000000,0x00000000e6f00000)
  from space 16896K, 96% used [0x00000000e6f00000,0x00000000e7edbc80,0x00000000e7f80000)
  to   space 19456K, 0% used [0x00000000e9700000,0x00000000e9700000,0x00000000eaa00000)
 ParOldGen       total 87552K, used 24930K [0x00000000a0000000, 0x00000000a5580000, 0x00000000e0000000)
  object space 87552K, 28% used [0x00000000a0000000,0x00000000a1858830,0x00000000a5580000)
 Metaspace       used 56468K, capacity 59130K, committed 59160K, reserved 1099776K
  class space    used 7872K, capacity 8441K, committed 8448K, reserved 1048576K
Event: 24.573 GC heap after
Heap after GC invocations=18 (full 3):
 PSYoungGen      total 130560K, used 0K [0x00000000e0000000, 0x00000000eaa00000, 0x0000000100000000)
  eden space 113664K, 0% used [0x00000000e0000000,0x00000000e0000000,0x00000000e6f00000)
  from space 16896K, 0% used [0x00000000e6f00000,0x00000000e6f00000,0x00000000e7f80000)
  to   space 19456K, 0% used [0x00000000e9700000,0x00000000e9700000,0x00000000eaa00000)
 ParOldGen       total 138240K, used 35723K [0x00000000a0000000, 0x00000000a8700000, 0x00000000e0000000)
  object space 138240K, 25% used [0x00000000a0000000,0x00000000a22e2cf8,0x00000000a8700000)
 Metaspace       used 56431K, capacity 59004K, committed 59160K, reserved 1099776K
  class space    used 7860K, capacity 8420K, committed 8448K, reserved 1048576K
}
Event: 26.950 GC heap before
{Heap before GC invocations=19 (full 3):
 PSYoungGen      total 130560K, used 113664K [0x00000000e0000000, 0x00000000eaa00000, 0x0000000100000000)
  eden space 113664K, 100% used [0x00000000e0000000,0x00000000e6f00000,0x00000000e6f00000)
  from space 16896K, 0% used [0x00000000e6f00000,0x00000000e6f00000,0x00000000e7f80000)
  to   space 19456K, 0% used [0x00000000e9700000,0x00000000e9700000,0x00000000eaa00000)
 ParOldGen       total 138240K, used 35723K [0x00000000a0000000, 0x00000000a8700000, 0x00000000e0000000)
  object space 138240K, 25% used [0x00000000a0000000,0x00000000a22e2cf8,0x00000000a8700000)
 Metaspace       used 60211K, capacity 63352K, committed 63488K, reserved 1103872K
  class space    used 8492K, capacity 9185K, committed 9216K, reserved 1048576K
Event: 26.978 GC heap after
Heap after GC invocations=19 (full 3):
 PSYoungGen      total 146432K, used 10468K [0x00000000e0000000, 0x00000000ea580000, 0x0000000100000000)
  eden space 131584K, 0% used [0x00000000e0000000,0x00000000e0000000,0x00000000e8080000)
  from space 14848K, 70% used [0x00000000e9700000,0x00000000ea139148,0x00000000ea580000)
  to   space 18944K, 0% used [0x00000000e8080000,0x00000000e8080000,0x00000000e9300000)
 ParOldGen       total 138240K, used 35731K [0x00000000a0000000, 0x00000000a8700000, 0x00000000e0000000)
  object space 138240K, 25% used [0x00000000a0000000,0x00000000a22e4cf8,0x00000000a8700000)
 Metaspace       used 60211K, capacity 63352K, committed 63488K, reserved 1103872K
  class space    used 8492K, capacity 9185K, committed 9216K, reserved 1048576K
}
Event: 33.201 GC heap before
{Heap before GC invocations=20 (full 3):
 PSYoungGen      total 146432K, used 142052K [0x00000000e0000000, 0x00000000ea580000, 0x0000000100000000)
  eden space 131584K, 100% used [0x00000000e0000000,0x00000000e8080000,0x00000000e8080000)
  from space 14848K, 70% used [0x00000000e9700000,0x00000000ea139148,0x00000000ea580000)
  to   space 18944K, 0% used [0x00000000e8080000,0x00000000e8080000,0x00000000e9300000)
 ParOldGen       total 138240K, used 35731K [0x00000000a0000000, 0x00000000a8700000, 0x00000000e0000000)
  object space 138240K, 25% used [0x00000000a0000000,0x00000000a22e4cf8,0x00000000a8700000)
 Metaspace       used 62857K, capacity 67296K, committed 67456K, reserved 1107968K
  class space    used 8853K, capacity 9737K, committed 9856K, reserved 1048576K
Event: 33.243 GC heap after
Heap after GC invocations=20 (full 3):
 PSYoungGen      total 150528K, used 18920K [0x00000000e0000000, 0x00000000ebb80000, 0x0000000100000000)
  eden space 131584K, 0% used [0x00000000e0000000,0x00000000e0000000,0x00000000e8080000)
  from space 18944K, 99% used [0x00000000e8080000,0x00000000e92fa030,0x00000000e9300000)
  to   space 24064K, 0% used [0x00000000ea400000,0x00000000ea400000,0x00000000ebb80000)
 ParOldGen       total 138240K, used 41468K [0x00000000a0000000, 0x00000000a8700000, 0x00000000e0000000)
  object space 138240K, 29% used [0x00000000a0000000,0x00000000a287f240,0x00000000a8700000)
 Metaspace       used 62857K, capacity 67296K, committed 67456K, reserved 1107968K
  class space    used 8853K, capacity 9737K, committed 9856K, reserved 1048576K
}
Event: 37.730 GC heap before
{Heap before GC invocations=21 (full 3):
 PSYoungGen      total 150528K, used 150504K [0x00000000e0000000, 0x00000000ebb80000, 0x0000000100000000)
  eden space 131584K, 100% used [0x00000000e0000000,0x00000000e8080000,0x00000000e8080000)
  from space 18944K, 99% used [0x00000000e8080000,0x00000000e92fa030,0x00000000e9300000)
  to   space 24064K, 0% used [0x00000000ea400000,0x00000000ea400000,0x00000000ebb80000)
 ParOldGen       total 138240K, used 41468K [0x00000000a0000000, 0x00000000a8700000, 0x00000000e0000000)
  object space 138240K, 29% used [0x00000000a0000000,0x00000000a287f240,0x00000000a8700000)
 Metaspace       used 64278K, capacity 70070K, committed 70144K, reserved 1110016K
  class space    used 9076K, capacity 10222K, committed 10240K, reserved 1048576K
Event: 37.829 GC heap after
Heap after GC invocations=21 (full 3):
 PSYoungGen      total 159232K, used 24064K [0x00000000e0000000, 0x00000000ece80000, 0x0000000100000000)
  eden space 135168K, 0% used [0x00000000e0000000,0x00000000e0000000,0x00000000e8400000)
  from space 24064K, 100% used [0x00000000ea400000,0x00000000ebb80000,0x00000000ebb80000)
  to   space 32768K, 0% used [0x00000000e8400000,0x00000000e8400000,0x00000000ea400000)
 ParOldGen       total 138240K, used 55059K [0x00000000a0000000, 0x00000000a8700000, 0x00000000e0000000)
  object space 138240K, 39% used [0x00000000a0000000,0x00000000a35c4f88,0x00000000a8700000)
 Metaspace       used 64278K, capacity 70070K, committed 70144K, reserved 1110016K
  class space    used 9076K, capacity 10222K, committed 10240K, reserved 1048576K
}
Event: 41.291 GC heap before
{Heap before GC invocations=22 (full 3):
 PSYoungGen      total 159232K, used 159232K [0x00000000e0000000, 0x00000000ece80000, 0x0000000100000000)
  eden space 135168K, 100% used [0x00000000e0000000,0x00000000e8400000,0x00000000e8400000)
  from space 24064K, 100% used [0x00000000ea400000,0x00000000ebb80000,0x00000000ebb80000)
  to   space 32768K, 0% used [0x00000000e8400000,0x00000000e8400000,0x00000000ea400000)
 ParOldGen       total 138240K, used 55059K [0x00000000a0000000, 0x00000000a8700000, 0x00000000e0000000)
  object space 138240K, 39% used [0x00000000a0000000,0x00000000a35c4f88,0x00000000a8700000)
 Metaspace       used 69937K, capacity 76126K, committed 76160K, reserved 1114112K
  class space    used 9902K, capacity 11119K, committed 11136K, reserved 1048576K
Event: 41.361 GC heap after
Heap after GC invocations=22 (full 3):
 PSYoungGen      total 167936K, used 32761K [0x00000000e0000000, 0x00000000ee880000, 0x0000000100000000)
  eden space 135168K, 0% used [0x00000000e0000000,0x00000000e0000000,0x00000000e8400000)
  from space 32768K, 99% used [0x00000000e8400000,0x00000000ea3fe750,0x00000000ea400000)
  to   space 43520K, 0% used [0x00000000ebe00000,0x00000000ebe00000,0x00000000ee880000)
 ParOldGen       total 138240K, used 69082K [0x00000000a0000000, 0x00000000a8700000, 0x00000000e0000000)
  object space 138240K, 49% used [0x00000000a0000000,0x00000000a43768c8,0x00000000a8700000)
 Metaspace       used 69937K, capacity 76126K, committed 76160K, reserved 1114112K
  class space    used 9902K, capacity 11119K, committed 11136K, reserved 1048576K
}

